[     271ms] TypeError: Cannot read properties of undefined (reading 'onBatchCreated')
    at http://localhost:5173/App.tsx:128:36
    at commitHookEffectListMount (http://localhost:5173/@fs/C:/Users/Sand/Desktop/Coding/Sands%20Studio/node_modules/.vite/deps/chunk-TYILIMWK.js?v=0f1bb358:16915:34)
    at commitPassiveMountOnFiber (http://localhost:5173/@fs/C:/Users/Sand/Desktop/Coding/Sands%20Studio/node_modules/.vite/deps/chunk-TYILIMWK.js?v=0f1bb358:18156:19)
    at commitPassiveMountEffects_complete (http://localhost:5173/@fs/C:/Users/Sand/Desktop/Coding/Sands%20Studio/node_modules/.vite/deps/chunk-TYILIMWK.js?v=0f1bb358:18129:17)
    at commitPassiveMountEffects_begin (http://localhost:5173/@fs/C:/Users/Sand/Desktop/Coding/Sands%20Studio/node_modules/.vite/deps/chunk-TYILIMWK.js?v=0f1bb358:18119:15)
    at commitPassiveMountEffects (http://localhost:5173/@fs/C:/Users/Sand/Desktop/Coding/Sands%20Studio/node_modules/.vite/deps/chunk-TYILIMWK.js?v=0f1bb358:18109:11)
    at flushPassiveEffectsImpl (http://localhost:5173/@fs/C:/Users/Sand/Desktop/Coding/Sands%20Studio/node_modules/.vite/deps/chunk-TYILIMWK.js?v=0f1bb358:19490:11)
    at flushPassiveEffects (http://localhost:5173/@fs/C:/Users/Sand/Desktop/Coding/Sands%20Studio/node_modules/.vite/deps/chunk-TYILIMWK.js?v=0f1bb358:19447:22)
    at http://localhost:5173/@fs/C:/Users/Sand/Desktop/Coding/Sands%20Studio/node_modules/.vite/deps/chunk-TYILIMWK.js?v=0f1bb358:19328:17
    at workLoop (http://localhost:5173/@fs/C:/Users/Sand/Desktop/Coding/Sands%20Studio/node_modules/.vite/deps/chunk-TYILIMWK.js?v=0f1bb358:197:42)
[     273ms] [ERROR] The above error occurred in the <App> component:

    at App (http://localhost:5173/App.tsx:82:21)

Consider adding an error boundary to your tree to customize error handling behavior.
Visit https://reactjs.org/link/error-boundaries to learn more about error boundaries. @ http://localhost:5173/@fs/C:/Users/Sand/Desktop/Coding/Sands%20Studio/node_modules/.vite/deps/chunk-TYILIMWK.js?v=0f1bb358:14031
[     275ms] TypeError: Cannot read properties of undefined (reading 'onBatchCreated')
    at http://localhost:5173/App.tsx:128:36
    at commitHookEffectListMount (http://localhost:5173/@fs/C:/Users/Sand/Desktop/Coding/Sands%20Studio/node_modules/.vite/deps/chunk-TYILIMWK.js?v=0f1bb358:16915:34)
    at commitPassiveMountOnFiber (http://localhost:5173/@fs/C:/Users/Sand/Desktop/Coding/Sands%20Studio/node_modules/.vite/deps/chunk-TYILIMWK.js?v=0f1bb358:18156:19)
    at commitPassiveMountEffects_complete (http://localhost:5173/@fs/C:/Users/Sand/Desktop/Coding/Sands%20Studio/node_modules/.vite/deps/chunk-TYILIMWK.js?v=0f1bb358:18129:17)
    at commitPassiveMountEffects_begin (http://localhost:5173/@fs/C:/Users/Sand/Desktop/Coding/Sands%20Studio/node_modules/.vite/deps/chunk-TYILIMWK.js?v=0f1bb358:18119:15)
    at commitPassiveMountEffects (http://localhost:5173/@fs/C:/Users/Sand/Desktop/Coding/Sands%20Studio/node_modules/.vite/deps/chunk-TYILIMWK.js?v=0f1bb358:18109:11)
    at flushPassiveEffectsImpl (http://localhost:5173/@fs/C:/Users/Sand/Desktop/Coding/Sands%20Studio/node_modules/.vite/deps/chunk-TYILIMWK.js?v=0f1bb358:19490:11)
    at flushPassiveEffects (http://localhost:5173/@fs/C:/Users/Sand/Desktop/Coding/Sands%20Studio/node_modules/.vite/deps/chunk-TYILIMWK.js?v=0f1bb358:19447:22)
    at http://localhost:5173/@fs/C:/Users/Sand/Desktop/Coding/Sands%20Studio/node_modules/.vite/deps/chunk-TYILIMWK.js?v=0f1bb358:19328:17
    at workLoop (http://localhost:5173/@fs/C:/Users/Sand/Desktop/Coding/Sands%20Studio/node_modules/.vite/deps/chunk-TYILIMWK.js?v=0f1bb358:197:42)
[     286ms] [ERROR] Failed to load resource: the server responded with a status of 404 (Not Found) @ http://localhost:5173/favicon.ico:0
