[   22292ms] [ERROR] [window.onerror] Uncaught TypeError: Cannot read properties of undefined (reading 'onEvent') at http://localhost:5173/@fs/C:/Users/Sand/Desktop/Coding/Sands%20Studio/node_modules/.vite/deps/chunk-TYILIMWK.js?v=5afa6d1b:16670:15 err: TypeError: Cannot read properties of undefined (reading 'onEvent')
    at http://localhost:5173/components/Habitat.tsx:299:33
    at commitHookEffectListMount (http://localhost:5173/@fs/C:/Users/Sand/Desktop/Coding/Sands%20Studio/node_modules/.vite/deps/chunk-TYILIMWK.js?v=5afa6d1b:16915:34)
    at commitPassiveMountOnFiber (http://localhost:5173/@fs/C:/Users/Sand/Desktop/Coding/Sands%20Studio/node_modules/.vite/deps/chunk-TYILIMWK.js?v=5afa6d1b:18156:19)
    at commitPassiveMountEffects_complete (http://localhost:5173/@fs/C:/Users/Sand/Desktop/Coding/Sands%20Studio/node_modules/.vite/deps/chunk-TYILIMWK.js?v=5afa6d1b:18129:17)
    at commitPassiveMountEffects_begin (http://localhost:5173/@fs/C:/Users/Sand/Desktop/Coding/Sands%20Studio/node_modules/.vite/deps/chunk-TYILIMWK.js?v=5afa6d1b:18119:15)
    at commitPassiveMountEffects (http://localhost:5173/@fs/C:/Users/Sand/Desktop/Coding/Sands%20Studio/node_modules/.vite/deps/chunk-TYILIMWK.js?v=5afa6d1b:18109:11)
    at flushPassiveEffectsImpl (http://localhost:5173/@fs/C:/Users/Sand/Desktop/Coding/Sands%20Studio/node_modules/.vite/deps/chunk-TYILIMWK.js?v=5afa6d1b:19490:11)
    at flushPassiveEffects (http://localhost:5173/@fs/C:/Users/Sand/Desktop/Coding/Sands%20Studio/node_modules/.vite/deps/chunk-TYILIMWK.js?v=5afa6d1b:19447:22)
    at commitRootImpl (http://localhost:5173/@fs/C:/Users/Sand/Desktop/Coding/Sands%20Studio/node_modules/.vite/deps/chunk-TYILIMWK.js?v=5afa6d1b:19416:13)
    at commitRoot (http://localhost:5173/@fs/C:/Users/Sand/Desktop/Coding/Sands%20Studio/node_modules/.vite/deps/chunk-TYILIMWK.js?v=5afa6d1b:19277:13) @ http://localhost:5173/main.tsx:3
[   22293ms] [ERROR] [addEventListener error] Uncaught TypeError: Cannot read properties of undefined (reading 'onEvent') at http://localhost:5173/@fs/C:/Users/Sand/Desktop/Coding/Sands%20Studio/node_modules/.vite/deps/chunk-TYILIMWK.js?v=5afa6d1b:16670:15 @ http://localhost:5173/main.tsx:7
[   22293ms] [ERROR] [stack] TypeError: Cannot read properties of undefined (reading 'onEvent')
    at http://localhost:5173/components/Habitat.tsx:299:33
    at commitHookEffectListMount (http://localhost:5173/@fs/C:/Users/Sand/Desktop/Coding/Sands%20Studio/node_modules/.vite/deps/chunk-TYILIMWK.js?v=5afa6d1b:16915:34)
    at commitPassiveMountOnFiber (http://localhost:5173/@fs/C:/Users/Sand/Desktop/Coding/Sands%20Studio/node_modules/.vite/deps/chunk-TYILIMWK.js?v=5afa6d1b:18156:19)
    at commitPassiveMountEffects_complete (http://localhost:5173/@fs/C:/Users/Sand/Desktop/Coding/Sands%20Studio/node_modules/.vite/deps/chunk-TYILIMWK.js?v=5afa6d1b:18129:17)
    at commitPassiveMountEffects_begin (http://localhost:5173/@fs/C:/Users/Sand/Desktop/Coding/Sands%20Studio/node_modules/.vite/deps/chunk-TYILIMWK.js?v=5afa6d1b:18119:15)
    at commitPassiveMountEffects (http://localhost:5173/@fs/C:/Users/Sand/Desktop/Coding/Sands%20Studio/node_modules/.vite/deps/chunk-TYILIMWK.js?v=5afa6d1b:18109:11)
    at flushPassiveEffectsImpl (http://localhost:5173/@fs/C:/Users/Sand/Desktop/Coding/Sands%20Studio/node_modules/.vite/deps/chunk-TYILIMWK.js?v=5afa6d1b:19490:11)
    at flushPassiveEffects (http://localhost:5173/@fs/C:/Users/Sand/Desktop/Coding/Sands%20Studio/node_modules/.vite/deps/chunk-TYILIMWK.js?v=5afa6d1b:19447:22)
    at commitRootImpl (http://localhost:5173/@fs/C:/Users/Sand/Desktop/Coding/Sands%20Studio/node_modules/.vite/deps/chunk-TYILIMWK.js?v=5afa6d1b:19416:13)
    at commitRoot (http://localhost:5173/@fs/C:/Users/Sand/Desktop/Coding/Sands%20Studio/node_modules/.vite/deps/chunk-TYILIMWK.js?v=5afa6d1b:19277:13) @ http://localhost:5173/main.tsx:8
[   22290ms] TypeError: Cannot read properties of undefined (reading 'onEvent')
    at http://localhost:5173/components/Habitat.tsx:299:33
    at commitHookEffectListMount (http://localhost:5173/@fs/C:/Users/Sand/Desktop/Coding/Sands%20Studio/node_modules/.vite/deps/chunk-TYILIMWK.js?v=5afa6d1b:16915:34)
    at commitPassiveMountOnFiber (http://localhost:5173/@fs/C:/Users/Sand/Desktop/Coding/Sands%20Studio/node_modules/.vite/deps/chunk-TYILIMWK.js?v=5afa6d1b:18156:19)
    at commitPassiveMountEffects_complete (http://localhost:5173/@fs/C:/Users/Sand/Desktop/Coding/Sands%20Studio/node_modules/.vite/deps/chunk-TYILIMWK.js?v=5afa6d1b:18129:17)
    at commitPassiveMountEffects_begin (http://localhost:5173/@fs/C:/Users/Sand/Desktop/Coding/Sands%20Studio/node_modules/.vite/deps/chunk-TYILIMWK.js?v=5afa6d1b:18119:15)
    at commitPassiveMountEffects (http://localhost:5173/@fs/C:/Users/Sand/Desktop/Coding/Sands%20Studio/node_modules/.vite/deps/chunk-TYILIMWK.js?v=5afa6d1b:18109:11)
    at flushPassiveEffectsImpl (http://localhost:5173/@fs/C:/Users/Sand/Desktop/Coding/Sands%20Studio/node_modules/.vite/deps/chunk-TYILIMWK.js?v=5afa6d1b:19490:11)
    at flushPassiveEffects (http://localhost:5173/@fs/C:/Users/Sand/Desktop/Coding/Sands%20Studio/node_modules/.vite/deps/chunk-TYILIMWK.js?v=5afa6d1b:19447:22)
    at commitRootImpl (http://localhost:5173/@fs/C:/Users/Sand/Desktop/Coding/Sands%20Studio/node_modules/.vite/deps/chunk-TYILIMWK.js?v=5afa6d1b:19416:13)
    at commitRoot (http://localhost:5173/@fs/C:/Users/Sand/Desktop/Coding/Sands%20Studio/node_modules/.vite/deps/chunk-TYILIMWK.js?v=5afa6d1b:19277:13)
[   22295ms] [ERROR] [window.onerror] Uncaught TypeError: Cannot read properties of undefined (reading 'start') at http://localhost:5173/@fs/C:/Users/Sand/Desktop/Coding/Sands%20Studio/node_modules/.vite/deps/chunk-TYILIMWK.js?v=5afa6d1b:16670:15 err: TypeError: Cannot read properties of undefined (reading 'start')
    at http://localhost:5173/components/AgentChat.tsx:47:23
    at commitHookEffectListMount (http://localhost:5173/@fs/C:/Users/Sand/Desktop/Coding/Sands%20Studio/node_modules/.vite/deps/chunk-TYILIMWK.js?v=5afa6d1b:16915:34)
    at commitPassiveMountOnFiber (http://localhost:5173/@fs/C:/Users/Sand/Desktop/Coding/Sands%20Studio/node_modules/.vite/deps/chunk-TYILIMWK.js?v=5afa6d1b:18156:19)
    at commitPassiveMountEffects_complete (http://localhost:5173/@fs/C:/Users/Sand/Desktop/Coding/Sands%20Studio/node_modules/.vite/deps/chunk-TYILIMWK.js?v=5afa6d1b:18129:17)
    at commitPassiveMountEffects_begin (http://localhost:5173/@fs/C:/Users/Sand/Desktop/Coding/Sands%20Studio/node_modules/.vite/deps/chunk-TYILIMWK.js?v=5afa6d1b:18119:15)
    at commitPassiveMountEffects (http://localhost:5173/@fs/C:/Users/Sand/Desktop/Coding/Sands%20Studio/node_modules/.vite/deps/chunk-TYILIMWK.js?v=5afa6d1b:18109:11)
    at flushPassiveEffectsImpl (http://localhost:5173/@fs/C:/Users/Sand/Desktop/Coding/Sands%20Studio/node_modules/.vite/deps/chunk-TYILIMWK.js?v=5afa6d1b:19490:11)
    at flushPassiveEffects (http://localhost:5173/@fs/C:/Users/Sand/Desktop/Coding/Sands%20Studio/node_modules/.vite/deps/chunk-TYILIMWK.js?v=5afa6d1b:19447:22)
    at commitRootImpl (http://localhost:5173/@fs/C:/Users/Sand/Desktop/Coding/Sands%20Studio/node_modules/.vite/deps/chunk-TYILIMWK.js?v=5afa6d1b:19416:13)
    at commitRoot (http://localhost:5173/@fs/C:/Users/Sand/Desktop/Coding/Sands%20Studio/node_modules/.vite/deps/chunk-TYILIMWK.js?v=5afa6d1b:19277:13) @ http://localhost:5173/main.tsx:3
[   22295ms] [ERROR] [addEventListener error] Uncaught TypeError: Cannot read properties of undefined (reading 'start') at http://localhost:5173/@fs/C:/Users/Sand/Desktop/Coding/Sands%20Studio/node_modules/.vite/deps/chunk-TYILIMWK.js?v=5afa6d1b:16670:15 @ http://localhost:5173/main.tsx:7
[   22295ms] [ERROR] [stack] TypeError: Cannot read properties of undefined (reading 'start')
    at http://localhost:5173/components/AgentChat.tsx:47:23
    at commitHookEffectListMount (http://localhost:5173/@fs/C:/Users/Sand/Desktop/Coding/Sands%20Studio/node_modules/.vite/deps/chunk-TYILIMWK.js?v=5afa6d1b:16915:34)
    at commitPassiveMountOnFiber (http://localhost:5173/@fs/C:/Users/Sand/Desktop/Coding/Sands%20Studio/node_modules/.vite/deps/chunk-TYILIMWK.js?v=5afa6d1b:18156:19)
    at commitPassiveMountEffects_complete (http://localhost:5173/@fs/C:/Users/Sand/Desktop/Coding/Sands%20Studio/node_modules/.vite/deps/chunk-TYILIMWK.js?v=5afa6d1b:18129:17)
    at commitPassiveMountEffects_begin (http://localhost:5173/@fs/C:/Users/Sand/Desktop/Coding/Sands%20Studio/node_modules/.vite/deps/chunk-TYILIMWK.js?v=5afa6d1b:18119:15)
    at commitPassiveMountEffects (http://localhost:5173/@fs/C:/Users/Sand/Desktop/Coding/Sands%20Studio/node_modules/.vite/deps/chunk-TYILIMWK.js?v=5afa6d1b:18109:11)
    at flushPassiveEffectsImpl (http://localhost:5173/@fs/C:/Users/Sand/Desktop/Coding/Sands%20Studio/node_modules/.vite/deps/chunk-TYILIMWK.js?v=5afa6d1b:19490:11)
    at flushPassiveEffects (http://localhost:5173/@fs/C:/Users/Sand/Desktop/Coding/Sands%20Studio/node_modules/.vite/deps/chunk-TYILIMWK.js?v=5afa6d1b:19447:22)
    at commitRootImpl (http://localhost:5173/@fs/C:/Users/Sand/Desktop/Coding/Sands%20Studio/node_modules/.vite/deps/chunk-TYILIMWK.js?v=5afa6d1b:19416:13)
    at commitRoot (http://localhost:5173/@fs/C:/Users/Sand/Desktop/Coding/Sands%20Studio/node_modules/.vite/deps/chunk-TYILIMWK.js?v=5afa6d1b:19277:13) @ http://localhost:5173/main.tsx:8
[   22292ms] TypeError: Cannot read properties of undefined (reading 'start')
    at http://localhost:5173/components/AgentChat.tsx:47:23
    at commitHookEffectListMount (http://localhost:5173/@fs/C:/Users/Sand/Desktop/Coding/Sands%20Studio/node_modules/.vite/deps/chunk-TYILIMWK.js?v=5afa6d1b:16915:34)
    at commitPassiveMountOnFiber (http://localhost:5173/@fs/C:/Users/Sand/Desktop/Coding/Sands%20Studio/node_modules/.vite/deps/chunk-TYILIMWK.js?v=5afa6d1b:18156:19)
    at commitPassiveMountEffects_complete (http://localhost:5173/@fs/C:/Users/Sand/Desktop/Coding/Sands%20Studio/node_modules/.vite/deps/chunk-TYILIMWK.js?v=5afa6d1b:18129:17)
    at commitPassiveMountEffects_begin (http://localhost:5173/@fs/C:/Users/Sand/Desktop/Coding/Sands%20Studio/node_modules/.vite/deps/chunk-TYILIMWK.js?v=5afa6d1b:18119:15)
    at commitPassiveMountEffects (http://localhost:5173/@fs/C:/Users/Sand/Desktop/Coding/Sands%20Studio/node_modules/.vite/deps/chunk-TYILIMWK.js?v=5afa6d1b:18109:11)
    at flushPassiveEffectsImpl (http://localhost:5173/@fs/C:/Users/Sand/Desktop/Coding/Sands%20Studio/node_modules/.vite/deps/chunk-TYILIMWK.js?v=5afa6d1b:19490:11)
    at flushPassiveEffects (http://localhost:5173/@fs/C:/Users/Sand/Desktop/Coding/Sands%20Studio/node_modules/.vite/deps/chunk-TYILIMWK.js?v=5afa6d1b:19447:22)
    at commitRootImpl (http://localhost:5173/@fs/C:/Users/Sand/Desktop/Coding/Sands%20Studio/node_modules/.vite/deps/chunk-TYILIMWK.js?v=5afa6d1b:19416:13)
    at commitRoot (http://localhost:5173/@fs/C:/Users/Sand/Desktop/Coding/Sands%20Studio/node_modules/.vite/deps/chunk-TYILIMWK.js?v=5afa6d1b:19277:13)
[   22315ms] [ERROR] [window.onerror] Uncaught TypeError: Cannot read properties of undefined (reading 'create') at http://localhost:5173/@fs/C:/Users/Sand/Desktop/Coding/Sands%20Studio/node_modules/.vite/deps/chunk-TYILIMWK.js?v=5afa6d1b:16670:15 err: TypeError: Cannot read properties of undefined (reading 'create')
    at http://localhost:5173/components/TerminalPane.tsx:166:26
    at commitHookEffectListMount (http://localhost:5173/@fs/C:/Users/Sand/Desktop/Coding/Sands%20Studio/node_modules/.vite/deps/chunk-TYILIMWK.js?v=5afa6d1b:16915:34)
    at commitPassiveMountOnFiber (http://localhost:5173/@fs/C:/Users/Sand/Desktop/Coding/Sands%20Studio/node_modules/.vite/deps/chunk-TYILIMWK.js?v=5afa6d1b:18156:19)
    at commitPassiveMountEffects_complete (http://localhost:5173/@fs/C:/Users/Sand/Desktop/Coding/Sands%20Studio/node_modules/.vite/deps/chunk-TYILIMWK.js?v=5afa6d1b:18129:17)
    at commitPassiveMountEffects_begin (http://localhost:5173/@fs/C:/Users/Sand/Desktop/Coding/Sands%20Studio/node_modules/.vite/deps/chunk-TYILIMWK.js?v=5afa6d1b:18119:15)
    at commitPassiveMountEffects (http://localhost:5173/@fs/C:/Users/Sand/Desktop/Coding/Sands%20Studio/node_modules/.vite/deps/chunk-TYILIMWK.js?v=5afa6d1b:18109:11)
    at flushPassiveEffectsImpl (http://localhost:5173/@fs/C:/Users/Sand/Desktop/Coding/Sands%20Studio/node_modules/.vite/deps/chunk-TYILIMWK.js?v=5afa6d1b:19490:11)
    at flushPassiveEffects (http://localhost:5173/@fs/C:/Users/Sand/Desktop/Coding/Sands%20Studio/node_modules/.vite/deps/chunk-TYILIMWK.js?v=5afa6d1b:19447:22)
    at commitRootImpl (http://localhost:5173/@fs/C:/Users/Sand/Desktop/Coding/Sands%20Studio/node_modules/.vite/deps/chunk-TYILIMWK.js?v=5afa6d1b:19416:13)
    at commitRoot (http://localhost:5173/@fs/C:/Users/Sand/Desktop/Coding/Sands%20Studio/node_modules/.vite/deps/chunk-TYILIMWK.js?v=5afa6d1b:19277:13) @ http://localhost:5173/main.tsx:3
[   22315ms] [ERROR] [addEventListener error] Uncaught TypeError: Cannot read properties of undefined (reading 'create') at http://localhost:5173/@fs/C:/Users/Sand/Desktop/Coding/Sands%20Studio/node_modules/.vite/deps/chunk-TYILIMWK.js?v=5afa6d1b:16670:15 @ http://localhost:5173/main.tsx:7
[   22315ms] [ERROR] [stack] TypeError: Cannot read properties of undefined (reading 'create')
    at http://localhost:5173/components/TerminalPane.tsx:166:26
    at commitHookEffectListMount (http://localhost:5173/@fs/C:/Users/Sand/Desktop/Coding/Sands%20Studio/node_modules/.vite/deps/chunk-TYILIMWK.js?v=5afa6d1b:16915:34)
    at commitPassiveMountOnFiber (http://localhost:5173/@fs/C:/Users/Sand/Desktop/Coding/Sands%20Studio/node_modules/.vite/deps/chunk-TYILIMWK.js?v=5afa6d1b:18156:19)
    at commitPassiveMountEffects_complete (http://localhost:5173/@fs/C:/Users/Sand/Desktop/Coding/Sands%20Studio/node_modules/.vite/deps/chunk-TYILIMWK.js?v=5afa6d1b:18129:17)
    at commitPassiveMountEffects_begin (http://localhost:5173/@fs/C:/Users/Sand/Desktop/Coding/Sands%20Studio/node_modules/.vite/deps/chunk-TYILIMWK.js?v=5afa6d1b:18119:15)
    at commitPassiveMountEffects (http://localhost:5173/@fs/C:/Users/Sand/Desktop/Coding/Sands%20Studio/node_modules/.vite/deps/chunk-TYILIMWK.js?v=5afa6d1b:18109:11)
    at flushPassiveEffectsImpl (http://localhost:5173/@fs/C:/Users/Sand/Desktop/Coding/Sands%20Studio/node_modules/.vite/deps/chunk-TYILIMWK.js?v=5afa6d1b:19490:11)
    at flushPassiveEffects (http://localhost:5173/@fs/C:/Users/Sand/Desktop/Coding/Sands%20Studio/node_modules/.vite/deps/chunk-TYILIMWK.js?v=5afa6d1b:19447:22)
    at commitRootImpl (http://localhost:5173/@fs/C:/Users/Sand/Desktop/Coding/Sands%20Studio/node_modules/.vite/deps/chunk-TYILIMWK.js?v=5afa6d1b:19416:13)
    at commitRoot (http://localhost:5173/@fs/C:/Users/Sand/Desktop/Coding/Sands%20Studio/node_modules/.vite/deps/chunk-TYILIMWK.js?v=5afa6d1b:19277:13) @ http://localhost:5173/main.tsx:8
[   22311ms] TypeError: Cannot read properties of undefined (reading 'create')
    at http://localhost:5173/components/TerminalPane.tsx:166:26
    at commitHookEffectListMount (http://localhost:5173/@fs/C:/Users/Sand/Desktop/Coding/Sands%20Studio/node_modules/.vite/deps/chunk-TYILIMWK.js?v=5afa6d1b:16915:34)
    at commitPassiveMountOnFiber (http://localhost:5173/@fs/C:/Users/Sand/Desktop/Coding/Sands%20Studio/node_modules/.vite/deps/chunk-TYILIMWK.js?v=5afa6d1b:18156:19)
    at commitPassiveMountEffects_complete (http://localhost:5173/@fs/C:/Users/Sand/Desktop/Coding/Sands%20Studio/node_modules/.vite/deps/chunk-TYILIMWK.js?v=5afa6d1b:18129:17)
    at commitPassiveMountEffects_begin (http://localhost:5173/@fs/C:/Users/Sand/Desktop/Coding/Sands%20Studio/node_modules/.vite/deps/chunk-TYILIMWK.js?v=5afa6d1b:18119:15)
    at commitPassiveMountEffects (http://localhost:5173/@fs/C:/Users/Sand/Desktop/Coding/Sands%20Studio/node_modules/.vite/deps/chunk-TYILIMWK.js?v=5afa6d1b:18109:11)
    at flushPassiveEffectsImpl (http://localhost:5173/@fs/C:/Users/Sand/Desktop/Coding/Sands%20Studio/node_modules/.vite/deps/chunk-TYILIMWK.js?v=5afa6d1b:19490:11)
    at flushPassiveEffects (http://localhost:5173/@fs/C:/Users/Sand/Desktop/Coding/Sands%20Studio/node_modules/.vite/deps/chunk-TYILIMWK.js?v=5afa6d1b:19447:22)
    at commitRootImpl (http://localhost:5173/@fs/C:/Users/Sand/Desktop/Coding/Sands%20Studio/node_modules/.vite/deps/chunk-TYILIMWK.js?v=5afa6d1b:19416:13)
    at commitRoot (http://localhost:5173/@fs/C:/Users/Sand/Desktop/Coding/Sands%20Studio/node_modules/.vite/deps/chunk-TYILIMWK.js?v=5afa6d1b:19277:13)
[   22318ms] [ERROR] The above error occurred in the <Habitat> component:

    at Habitat (http://localhost:5173/components/Habitat.tsx:153:24)
    at ErrorBoundary (http://localhost:5173/App.tsx:32:1)
    at div
    at div
    at App (http://localhost:5173/App.tsx:78:21)

React will try to recreate this component tree from scratch using the error boundary you provided, ErrorBoundary. @ http://localhost:5173/@fs/C:/Users/Sand/Desktop/Coding/Sands%20Studio/node_modules/.vite/deps/chunk-TYILIMWK.js?v=5afa6d1b:14031
[   22319ms] [ERROR] The above error occurred in the <AgentChat> component:

    at AgentChat (http://localhost:5173/components/AgentChat.tsx:22:37)
    at div
    at div
    at div
    at http://localhost:5173/components/TerminalPane.tsx:85:47
    at div
    at div
    at ErrorBoundary (http://localhost:5173/App.tsx:32:1)
    at div
    at div
    at App (http://localhost:5173/App.tsx:78:21)

React will try to recreate this component tree from scratch using the error boundary you provided, ErrorBoundary. @ http://localhost:5173/@fs/C:/Users/Sand/Desktop/Coding/Sands%20Studio/node_modules/.vite/deps/chunk-TYILIMWK.js?v=5afa6d1b:14031
[   22319ms] [ERROR] The above error occurred in the <ForwardRef> component:

    at http://localhost:5173/components/TerminalPane.tsx:85:47
    at div
    at div
    at ErrorBoundary (http://localhost:5173/App.tsx:32:1)
    at div
    at div
    at App (http://localhost:5173/App.tsx:78:21)

React will try to recreate this component tree from scratch using the error boundary you provided, ErrorBoundary. @ http://localhost:5173/@fs/C:/Users/Sand/Desktop/Coding/Sands%20Studio/node_modules/.vite/deps/chunk-TYILIMWK.js?v=5afa6d1b:14031
[   22319ms] [ERROR] [window.onerror] Uncaught TypeError: this._cancelResize is not a function at http://localhost:5173/@fs/C:/Users/Sand/Desktop/Coding/Sands%20Studio/node_modules/.vite/deps/chunk-TYILIMWK.js?v=5afa6d1b:16670:15 err: TypeError: this._cancelResize is not a function
    at _Application2.destroy (http://localhost:5173/@fs/C:/Users/Sand/Desktop/Coding/Sands%20Studio/node_modules/.vite/deps/pixi__js.js?v=5afa6d1b:6518:10)
    at http://localhost:5173/@fs/C:/Users/Sand/Desktop/Coding/Sands%20Studio/node_modules/.vite/deps/pixi__js.js?v=5afa6d1b:6755:22
    at Array.forEach (<anonymous>)
    at _Application2.destroy (http://localhost:5173/@fs/C:/Users/Sand/Desktop/Coding/Sands%20Studio/node_modules/.vite/deps/pixi__js.js?v=5afa6d1b:6754:13)
    at http://localhost:5173/components/Habitat.tsx:269:11
    at safelyCallDestroy (http://localhost:5173/@fs/C:/Users/Sand/Desktop/Coding/Sands%20Studio/node_modules/.vite/deps/chunk-TYILIMWK.js?v=5afa6d1b:16748:13)
    at commitHookEffectListUnmount (http://localhost:5173/@fs/C:/Users/Sand/Desktop/Coding/Sands%20Studio/node_modules/.vite/deps/chunk-TYILIMWK.js?v=5afa6d1b:16875:19)
    at commitPassiveUnmountInsideDeletedTreeOnFiber (http://localhost:5173/@fs/C:/Users/Sand/Desktop/Coding/Sands%20Studio/node_modules/.vite/deps/chunk-TYILIMWK.js?v=5afa6d1b:18283:17)
    at commitPassiveUnmountEffectsInsideOfDeletedTree_begin (http://localhost:5173/@fs/C:/Users/Sand/Desktop/Coding/Sands%20Studio/node_modules/.vite/deps/chunk-TYILIMWK.js?v=5afa6d1b:18245:13)
    at commitPassiveUnmountEffects_begin (http://localhost:5173/@fs/C:/Users/Sand/Desktop/Coding/Sands%20Studio/node_modules/.vite/deps/chunk-TYILIMWK.js?v=5afa6d1b:18181:19) @ http://localhost:5173/main.tsx:3
[   22319ms] [ERROR] [addEventListener error] Uncaught TypeError: this._cancelResize is not a function at http://localhost:5173/@fs/C:/Users/Sand/Desktop/Coding/Sands%20Studio/node_modules/.vite/deps/chunk-TYILIMWK.js?v=5afa6d1b:16670:15 @ http://localhost:5173/main.tsx:7
[   22319ms] [ERROR] [stack] TypeError: this._cancelResize is not a function
    at _Application2.destroy (http://localhost:5173/@fs/C:/Users/Sand/Desktop/Coding/Sands%20Studio/node_modules/.vite/deps/pixi__js.js?v=5afa6d1b:6518:10)
    at http://localhost:5173/@fs/C:/Users/Sand/Desktop/Coding/Sands%20Studio/node_modules/.vite/deps/pixi__js.js?v=5afa6d1b:6755:22
    at Array.forEach (<anonymous>)
    at _Application2.destroy (http://localhost:5173/@fs/C:/Users/Sand/Desktop/Coding/Sands%20Studio/node_modules/.vite/deps/pixi__js.js?v=5afa6d1b:6754:13)
    at http://localhost:5173/components/Habitat.tsx:269:11
    at safelyCallDestroy (http://localhost:5173/@fs/C:/Users/Sand/Desktop/Coding/Sands%20Studio/node_modules/.vite/deps/chunk-TYILIMWK.js?v=5afa6d1b:16748:13)
    at commitHookEffectListUnmount (http://localhost:5173/@fs/C:/Users/Sand/Desktop/Coding/Sands%20Studio/node_modules/.vite/deps/chunk-TYILIMWK.js?v=5afa6d1b:16875:19)
    at commitPassiveUnmountInsideDeletedTreeOnFiber (http://localhost:5173/@fs/C:/Users/Sand/Desktop/Coding/Sands%20Studio/node_modules/.vite/deps/chunk-TYILIMWK.js?v=5afa6d1b:18283:17)
    at commitPassiveUnmountEffectsInsideOfDeletedTree_begin (http://localhost:5173/@fs/C:/Users/Sand/Desktop/Coding/Sands%20Studio/node_modules/.vite/deps/chunk-TYILIMWK.js?v=5afa6d1b:18245:13)
    at commitPassiveUnmountEffects_begin (http://localhost:5173/@fs/C:/Users/Sand/Desktop/Coding/Sands%20Studio/node_modules/.vite/deps/chunk-TYILIMWK.js?v=5afa6d1b:18181:19) @ http://localhost:5173/main.tsx:8
[   22314ms] TypeError: this._cancelResize is not a function
    at _Application2.destroy (http://localhost:5173/@fs/C:/Users/Sand/Desktop/Coding/Sands%20Studio/node_modules/.vite/deps/pixi__js.js?v=5afa6d1b:6518:10)
    at http://localhost:5173/@fs/C:/Users/Sand/Desktop/Coding/Sands%20Studio/node_modules/.vite/deps/pixi__js.js?v=5afa6d1b:6755:22
    at Array.forEach (<anonymous>)
    at _Application2.destroy (http://localhost:5173/@fs/C:/Users/Sand/Desktop/Coding/Sands%20Studio/node_modules/.vite/deps/pixi__js.js?v=5afa6d1b:6754:13)
    at http://localhost:5173/components/Habitat.tsx:269:11
    at safelyCallDestroy (http://localhost:5173/@fs/C:/Users/Sand/Desktop/Coding/Sands%20Studio/node_modules/.vite/deps/chunk-TYILIMWK.js?v=5afa6d1b:16748:13)
    at commitHookEffectListUnmount (http://localhost:5173/@fs/C:/Users/Sand/Desktop/Coding/Sands%20Studio/node_modules/.vite/deps/chunk-TYILIMWK.js?v=5afa6d1b:16875:19)
    at commitPassiveUnmountInsideDeletedTreeOnFiber (http://localhost:5173/@fs/C:/Users/Sand/Desktop/Coding/Sands%20Studio/node_modules/.vite/deps/chunk-TYILIMWK.js?v=5afa6d1b:18283:17)
    at commitPassiveUnmountEffectsInsideOfDeletedTree_begin (http://localhost:5173/@fs/C:/Users/Sand/Desktop/Coding/Sands%20Studio/node_modules/.vite/deps/chunk-TYILIMWK.js?v=5afa6d1b:18245:13)
    at commitPassiveUnmountEffects_begin (http://localhost:5173/@fs/C:/Users/Sand/Desktop/Coding/Sands%20Studio/node_modules/.vite/deps/chunk-TYILIMWK.js?v=5afa6d1b:18181:19)
[   22320ms] [ERROR] The above error occurred in the <Habitat> component:

    at Habitat (http://localhost:5173/components/Habitat.tsx:153:24)

React will try to recreate this component tree from scratch using the error boundary you provided, ErrorBoundary. @ http://localhost:5173/@fs/C:/Users/Sand/Desktop/Coding/Sands%20Studio/node_modules/.vite/deps/chunk-TYILIMWK.js?v=5afa6d1b:14031
