[     225ms] [ERROR] Failed to load resource: the server responded with a status of 404 (Not Found) @ http://localhost:5174/favicon.ico:0
[  142852ms] [ERROR] Warning: The result of getSnapshot should be cached to avoid an infinite loop%s 
    at HabitatSaveDialog (http://localhost:5174/components/HabitatSaveDialog.tsx:34:45)
    at ErrorBoundary (http://localhost:5174/App.tsx:37:1)
    at App (http://localhost:5174/App.tsx:82:21) @ http://localhost:5174/@fs/C:/Users/Sand/Desktop/Coding/Sands%20Studio/node_modules/.vite/deps/chunk-TYILIMWK.js?v=0f1bb358:520
[  142853ms] [WARNING] [HabitatSaveDialog] Store may not have rehydrated yet. habitats=[] terminals=[] @ http://localhost:5174/components/HabitatSaveDialog.tsx:46
[  142875ms] [WARNING] [HabitatSaveDialog] Store may not have rehydrated yet. habitats=[] terminals=[] @ http://localhost:5174/components/HabitatSaveDialog.tsx:46
[  142876ms] [WARNING] [HabitatSaveDialog] Store may not have rehydrated yet. habitats=[] terminals=[] @ http://localhost:5174/components/HabitatSaveDialog.tsx:46
[  142876ms] [WARNING] [HabitatSaveDialog] Store may not have rehydrated yet. habitats=[] terminals=[] @ http://localhost:5174/components/HabitatSaveDialog.tsx:46
[  142876ms] [WARNING] [HabitatSaveDialog] Store may not have rehydrated yet. habitats=[] terminals=[] @ http://localhost:5174/components/HabitatSaveDialog.tsx:46
[  142877ms] [WARNING] [HabitatSaveDialog] Store may not have rehydrated yet. habitats=[] terminals=[] @ http://localhost:5174/components/HabitatSaveDialog.tsx:46
[  142877ms] [WARNING] [HabitatSaveDialog] Store may not have rehydrated yet. habitats=[] terminals=[] @ http://localhost:5174/components/HabitatSaveDialog.tsx:46
[  142877ms] [WARNING] [HabitatSaveDialog] Store may not have rehydrated yet. habitats=[] terminals=[] @ http://localhost:5174/components/HabitatSaveDialog.tsx:46
[  142878ms] [WARNING] [HabitatSaveDialog] Store may not have rehydrated yet. habitats=[] terminals=[] @ http://localhost:5174/components/HabitatSaveDialog.tsx:46
[  142878ms] [WARNING] [HabitatSaveDialog] Store may not have rehydrated yet. habitats=[] terminals=[] @ http://localhost:5174/components/HabitatSaveDialog.tsx:46
[  142879ms] [WARNING] [HabitatSaveDialog] Store may not have rehydrated yet. habitats=[] terminals=[] @ http://localhost:5174/components/HabitatSaveDialog.tsx:46
[  142879ms] [WARNING] [HabitatSaveDialog] Store may not have rehydrated yet. habitats=[] terminals=[] @ http://localhost:5174/components/HabitatSaveDialog.tsx:46
[  142879ms] [WARNING] [HabitatSaveDialog] Store may not have rehydrated yet. habitats=[] terminals=[] @ http://localhost:5174/components/HabitatSaveDialog.tsx:46
[  142880ms] [WARNING] [HabitatSaveDialog] Store may not have rehydrated yet. habitats=[] terminals=[] @ http://localhost:5174/components/HabitatSaveDialog.tsx:46
[  142880ms] [WARNING] [HabitatSaveDialog] Store may not have rehydrated yet. habitats=[] terminals=[] @ http://localhost:5174/components/HabitatSaveDialog.tsx:46
[  142880ms] [WARNING] [HabitatSaveDialog] Store may not have rehydrated yet. habitats=[] terminals=[] @ http://localhost:5174/components/HabitatSaveDialog.tsx:46
[  142880ms] [WARNING] [HabitatSaveDialog] Store may not have rehydrated yet. habitats=[] terminals=[] @ http://localhost:5174/components/HabitatSaveDialog.tsx:46
[  142881ms] [WARNING] [HabitatSaveDialog] Store may not have rehydrated yet. habitats=[] terminals=[] @ http://localhost:5174/components/HabitatSaveDialog.tsx:46
[  142881ms] [WARNING] [HabitatSaveDialog] Store may not have rehydrated yet. habitats=[] terminals=[] @ http://localhost:5174/components/HabitatSaveDialog.tsx:46
[  142881ms] [WARNING] [HabitatSaveDialog] Store may not have rehydrated yet. habitats=[] terminals=[] @ http://localhost:5174/components/HabitatSaveDialog.tsx:46
[  142882ms] [WARNING] [HabitatSaveDialog] Store may not have rehydrated yet. habitats=[] terminals=[] @ http://localhost:5174/components/HabitatSaveDialog.tsx:46
[  142882ms] [WARNING] [HabitatSaveDialog] Store may not have rehydrated yet. habitats=[] terminals=[] @ http://localhost:5174/components/HabitatSaveDialog.tsx:46
[  142882ms] [WARNING] [HabitatSaveDialog] Store may not have rehydrated yet. habitats=[] terminals=[] @ http://localhost:5174/components/HabitatSaveDialog.tsx:46
[  142883ms] [WARNING] [HabitatSaveDialog] Store may not have rehydrated yet. habitats=[] terminals=[] @ http://localhost:5174/components/HabitatSaveDialog.tsx:46
[  142883ms] [WARNING] [HabitatSaveDialog] Store may not have rehydrated yet. habitats=[] terminals=[] @ http://localhost:5174/components/HabitatSaveDialog.tsx:46
[  142883ms] [WARNING] [HabitatSaveDialog] Store may not have rehydrated yet. habitats=[] terminals=[] @ http://localhost:5174/components/HabitatSaveDialog.tsx:46
[  142884ms] [WARNING] [HabitatSaveDialog] Store may not have rehydrated yet. habitats=[] terminals=[] @ http://localhost:5174/components/HabitatSaveDialog.tsx:46
[  142884ms] [WARNING] [HabitatSaveDialog] Store may not have rehydrated yet. habitats=[] terminals=[] @ http://localhost:5174/components/HabitatSaveDialog.tsx:46
[  142884ms] [WARNING] [HabitatSaveDialog] Store may not have rehydrated yet. habitats=[] terminals=[] @ http://localhost:5174/components/HabitatSaveDialog.tsx:46
[  142885ms] [WARNING] [HabitatSaveDialog] Store may not have rehydrated yet. habitats=[] terminals=[] @ http://localhost:5174/components/HabitatSaveDialog.tsx:46
[  142885ms] [WARNING] [HabitatSaveDialog] Store may not have rehydrated yet. habitats=[] terminals=[] @ http://localhost:5174/components/HabitatSaveDialog.tsx:46
[  142885ms] [WARNING] [HabitatSaveDialog] Store may not have rehydrated yet. habitats=[] terminals=[] @ http://localhost:5174/components/HabitatSaveDialog.tsx:46
[  142886ms] [WARNING] [HabitatSaveDialog] Store may not have rehydrated yet. habitats=[] terminals=[] @ http://localhost:5174/components/HabitatSaveDialog.tsx:46
[  142886ms] [WARNING] [HabitatSaveDialog] Store may not have rehydrated yet. habitats=[] terminals=[] @ http://localhost:5174/components/HabitatSaveDialog.tsx:46
[  142886ms] [WARNING] [HabitatSaveDialog] Store may not have rehydrated yet. habitats=[] terminals=[] @ http://localhost:5174/components/HabitatSaveDialog.tsx:46
[  142886ms] [WARNING] [HabitatSaveDialog] Store may not have rehydrated yet. habitats=[] terminals=[] @ http://localhost:5174/components/HabitatSaveDialog.tsx:46
[  142887ms] [WARNING] [HabitatSaveDialog] Store may not have rehydrated yet. habitats=[] terminals=[] @ http://localhost:5174/components/HabitatSaveDialog.tsx:46
[  142887ms] [WARNING] [HabitatSaveDialog] Store may not have rehydrated yet. habitats=[] terminals=[] @ http://localhost:5174/components/HabitatSaveDialog.tsx:46
[  142887ms] [WARNING] [HabitatSaveDialog] Store may not have rehydrated yet. habitats=[] terminals=[] @ http://localhost:5174/components/HabitatSaveDialog.tsx:46
[  142888ms] [WARNING] [HabitatSaveDialog] Store may not have rehydrated yet. habitats=[] terminals=[] @ http://localhost:5174/components/HabitatSaveDialog.tsx:46
[  142888ms] [WARNING] [HabitatSaveDialog] Store may not have rehydrated yet. habitats=[] terminals=[] @ http://localhost:5174/components/HabitatSaveDialog.tsx:46
[  142888ms] [WARNING] [HabitatSaveDialog] Store may not have rehydrated yet. habitats=[] terminals=[] @ http://localhost:5174/components/HabitatSaveDialog.tsx:46
[  142888ms] [WARNING] [HabitatSaveDialog] Store may not have rehydrated yet. habitats=[] terminals=[] @ http://localhost:5174/components/HabitatSaveDialog.tsx:46
[  142889ms] [WARNING] [HabitatSaveDialog] Store may not have rehydrated yet. habitats=[] terminals=[] @ http://localhost:5174/components/HabitatSaveDialog.tsx:46
[  142889ms] [WARNING] [HabitatSaveDialog] Store may not have rehydrated yet. habitats=[] terminals=[] @ http://localhost:5174/components/HabitatSaveDialog.tsx:46
[  142889ms] [WARNING] [HabitatSaveDialog] Store may not have rehydrated yet. habitats=[] terminals=[] @ http://localhost:5174/components/HabitatSaveDialog.tsx:46
[  142890ms] [WARNING] [HabitatSaveDialog] Store may not have rehydrated yet. habitats=[] terminals=[] @ http://localhost:5174/components/HabitatSaveDialog.tsx:46
[  142890ms] [WARNING] [HabitatSaveDialog] Store may not have rehydrated yet. habitats=[] terminals=[] @ http://localhost:5174/components/HabitatSaveDialog.tsx:46
[  142890ms] [WARNING] [HabitatSaveDialog] Store may not have rehydrated yet. habitats=[] terminals=[] @ http://localhost:5174/components/HabitatSaveDialog.tsx:46
[  142891ms] [WARNING] [HabitatSaveDialog] Store may not have rehydrated yet. habitats=[] terminals=[] @ http://localhost:5174/components/HabitatSaveDialog.tsx:46
[  142891ms] [WARNING] [HabitatSaveDialog] Store may not have rehydrated yet. habitats=[] terminals=[] @ http://localhost:5174/components/HabitatSaveDialog.tsx:46
[  142891ms] [WARNING] [HabitatSaveDialog] Store may not have rehydrated yet. habitats=[] terminals=[] @ http://localhost:5174/components/HabitatSaveDialog.tsx:46
[  142891ms] [WARNING] [HabitatSaveDialog] Store may not have rehydrated yet. habitats=[] terminals=[] @ http://localhost:5174/components/HabitatSaveDialog.tsx:46
[  142893ms] Error: Maximum update depth exceeded. This can happen when a component repeatedly calls setState inside componentWillUpdate or componentDidUpdate. React limits the number of nested updates to prevent infinite loops.
    at checkForNestedUpdates (http://localhost:5174/@fs/C:/Users/Sand/Desktop/Coding/Sands%20Studio/node_modules/.vite/deps/chunk-TYILIMWK.js?v=0f1bb358:19659:19)
    at scheduleUpdateOnFiber (http://localhost:5174/@fs/C:/Users/Sand/Desktop/Coding/Sands%20Studio/node_modules/.vite/deps/chunk-TYILIMWK.js?v=0f1bb358:18533:11)
    at forceStoreRerender (http://localhost:5174/@fs/C:/Users/Sand/Desktop/Coding/Sands%20Studio/node_modules/.vite/deps/chunk-TYILIMWK.js?v=0f1bb358:11999:13)
    at updateStoreInstance (http://localhost:5174/@fs/C:/Users/Sand/Desktop/Coding/Sands%20Studio/node_modules/.vite/deps/chunk-TYILIMWK.js?v=0f1bb358:11975:13)
    at commitHookEffectListMount (http://localhost:5174/@fs/C:/Users/Sand/Desktop/Coding/Sands%20Studio/node_modules/.vite/deps/chunk-TYILIMWK.js?v=0f1bb358:16915:34)
    at commitPassiveMountOnFiber (http://localhost:5174/@fs/C:/Users/Sand/Desktop/Coding/Sands%20Studio/node_modules/.vite/deps/chunk-TYILIMWK.js?v=0f1bb358:18156:19)
    at commitPassiveMountEffects_complete (http://localhost:5174/@fs/C:/Users/Sand/Desktop/Coding/Sands%20Studio/node_modules/.vite/deps/chunk-TYILIMWK.js?v=0f1bb358:18129:17)
    at commitPassiveMountEffects_begin (http://localhost:5174/@fs/C:/Users/Sand/Desktop/Coding/Sands%20Studio/node_modules/.vite/deps/chunk-TYILIMWK.js?v=0f1bb358:18119:15)
    at commitPassiveMountEffects (http://localhost:5174/@fs/C:/Users/Sand/Desktop/Coding/Sands%20Studio/node_modules/.vite/deps/chunk-TYILIMWK.js?v=0f1bb358:18109:11)
    at flushPassiveEffectsImpl (http://localhost:5174/@fs/C:/Users/Sand/Desktop/Coding/Sands%20Studio/node_modules/.vite/deps/chunk-TYILIMWK.js?v=0f1bb358:19490:11)
[  142894ms] [ERROR] The above error occurred in the <HabitatSaveDialog> component:

    at HabitatSaveDialog (http://localhost:5174/components/HabitatSaveDialog.tsx:34:45)
    at ErrorBoundary (http://localhost:5174/App.tsx:37:1)
    at App (http://localhost:5174/App.tsx:82:21)

React will try to recreate this component tree from scratch using the error boundary you provided, ErrorBoundary. @ http://localhost:5174/@fs/C:/Users/Sand/Desktop/Coding/Sands%20Studio/node_modules/.vite/deps/chunk-TYILIMWK.js?v=0f1bb358:14031
