[   24871ms] [ERROR] [window.onerror] Uncaught TypeError: Cannot read properties of undefined (reading 'onEvent') at http://localhost:5174/@fs/C:/Users/Sand/Desktop/Coding/Sands%20Studio/node_modules/.vite/deps/chunk-TYILIMWK.js?v=5afa6d1b:16670:15 err: TypeError: Cannot read properties of undefined (reading 'onEvent')
    at http://localhost:5174/components/Habitat.tsx?t=1774838021817:304:33
    at commitHookEffectListMount (http://localhost:5174/@fs/C:/Users/Sand/Desktop/Coding/Sands%20Studio/node_modules/.vite/deps/chunk-TYILIMWK.js?v=5afa6d1b:16915:34)
    at commitPassiveMountOnFiber (http://localhost:5174/@fs/C:/Users/Sand/Desktop/Coding/Sands%20Studio/node_modules/.vite/deps/chunk-TYILIMWK.js?v=5afa6d1b:18156:19)
    at commitPassiveMountEffects_complete (http://localhost:5174/@fs/C:/Users/Sand/Desktop/Coding/Sands%20Studio/node_modules/.vite/deps/chunk-TYILIMWK.js?v=5afa6d1b:18129:17)
    at commitPassiveMountEffects_begin (http://localhost:5174/@fs/C:/Users/Sand/Desktop/Coding/Sands%20Studio/node_modules/.vite/deps/chunk-TYILIMWK.js?v=5afa6d1b:18119:15)
    at commitPassiveMountEffects (http://localhost:5174/@fs/C:/Users/Sand/Desktop/Coding/Sands%20Studio/node_modules/.vite/deps/chunk-TYILIMWK.js?v=5afa6d1b:18109:11)
    at flushPassiveEffectsImpl (http://localhost:5174/@fs/C:/Users/Sand/Desktop/Coding/Sands%20Studio/node_modules/.vite/deps/chunk-TYILIMWK.js?v=5afa6d1b:19490:11)
    at flushPassiveEffects (http://localhost:5174/@fs/C:/Users/Sand/Desktop/Coding/Sands%20Studio/node_modules/.vite/deps/chunk-TYILIMWK.js?v=5afa6d1b:19447:22)
    at commitRootImpl (http://localhost:5174/@fs/C:/Users/Sand/Desktop/Coding/Sands%20Studio/node_modules/.vite/deps/chunk-TYILIMWK.js?v=5afa6d1b:19416:13)
    at commitRoot (http://localhost:5174/@fs/C:/Users/Sand/Desktop/Coding/Sands%20Studio/node_modules/.vite/deps/chunk-TYILIMWK.js?v=5afa6d1b:19277:13) @ http://localhost:5174/main.tsx:3
[   24871ms] [ERROR] [addEventListener error] Uncaught TypeError: Cannot read properties of undefined (reading 'onEvent') at http://localhost:5174/@fs/C:/Users/Sand/Desktop/Coding/Sands%20Studio/node_modules/.vite/deps/chunk-TYILIMWK.js?v=5afa6d1b:16670:15 @ http://localhost:5174/main.tsx:7
[   24871ms] [ERROR] [stack] TypeError: Cannot read properties of undefined (reading 'onEvent')
    at http://localhost:5174/components/Habitat.tsx?t=1774838021817:304:33
    at commitHookEffectListMount (http://localhost:5174/@fs/C:/Users/Sand/Desktop/Coding/Sands%20Studio/node_modules/.vite/deps/chunk-TYILIMWK.js?v=5afa6d1b:16915:34)
    at commitPassiveMountOnFiber (http://localhost:5174/@fs/C:/Users/Sand/Desktop/Coding/Sands%20Studio/node_modules/.vite/deps/chunk-TYILIMWK.js?v=5afa6d1b:18156:19)
    at commitPassiveMountEffects_complete (http://localhost:5174/@fs/C:/Users/Sand/Desktop/Coding/Sands%20Studio/node_modules/.vite/deps/chunk-TYILIMWK.js?v=5afa6d1b:18129:17)
    at commitPassiveMountEffects_begin (http://localhost:5174/@fs/C:/Users/Sand/Desktop/Coding/Sands%20Studio/node_modules/.vite/deps/chunk-TYILIMWK.js?v=5afa6d1b:18119:15)
    at commitPassiveMountEffects (http://localhost:5174/@fs/C:/Users/Sand/Desktop/Coding/Sands%20Studio/node_modules/.vite/deps/chunk-TYILIMWK.js?v=5afa6d1b:18109:11)
    at flushPassiveEffectsImpl (http://localhost:5174/@fs/C:/Users/Sand/Desktop/Coding/Sands%20Studio/node_modules/.vite/deps/chunk-TYILIMWK.js?v=5afa6d1b:19490:11)
    at flushPassiveEffects (http://localhost:5174/@fs/C:/Users/Sand/Desktop/Coding/Sands%20Studio/node_modules/.vite/deps/chunk-TYILIMWK.js?v=5afa6d1b:19447:22)
    at commitRootImpl (http://localhost:5174/@fs/C:/Users/Sand/Desktop/Coding/Sands%20Studio/node_modules/.vite/deps/chunk-TYILIMWK.js?v=5afa6d1b:19416:13)
    at commitRoot (http://localhost:5174/@fs/C:/Users/Sand/Desktop/Coding/Sands%20Studio/node_modules/.vite/deps/chunk-TYILIMWK.js?v=5afa6d1b:19277:13) @ http://localhost:5174/main.tsx:8
[   24872ms] TypeError: Cannot read properties of undefined (reading 'onEvent')
    at http://localhost:5174/components/Habitat.tsx?t=1774838021817:304:33
    at commitHookEffectListMount (http://localhost:5174/@fs/C:/Users/Sand/Desktop/Coding/Sands%20Studio/node_modules/.vite/deps/chunk-TYILIMWK.js?v=5afa6d1b:16915:34)
    at commitPassiveMountOnFiber (http://localhost:5174/@fs/C:/Users/Sand/Desktop/Coding/Sands%20Studio/node_modules/.vite/deps/chunk-TYILIMWK.js?v=5afa6d1b:18156:19)
    at commitPassiveMountEffects_complete (http://localhost:5174/@fs/C:/Users/Sand/Desktop/Coding/Sands%20Studio/node_modules/.vite/deps/chunk-TYILIMWK.js?v=5afa6d1b:18129:17)
    at commitPassiveMountEffects_begin (http://localhost:5174/@fs/C:/Users/Sand/Desktop/Coding/Sands%20Studio/node_modules/.vite/deps/chunk-TYILIMWK.js?v=5afa6d1b:18119:15)
    at commitPassiveMountEffects (http://localhost:5174/@fs/C:/Users/Sand/Desktop/Coding/Sands%20Studio/node_modules/.vite/deps/chunk-TYILIMWK.js?v=5afa6d1b:18109:11)
    at flushPassiveEffectsImpl (http://localhost:5174/@fs/C:/Users/Sand/Desktop/Coding/Sands%20Studio/node_modules/.vite/deps/chunk-TYILIMWK.js?v=5afa6d1b:19490:11)
    at flushPassiveEffects (http://localhost:5174/@fs/C:/Users/Sand/Desktop/Coding/Sands%20Studio/node_modules/.vite/deps/chunk-TYILIMWK.js?v=5afa6d1b:19447:22)
    at commitRootImpl (http://localhost:5174/@fs/C:/Users/Sand/Desktop/Coding/Sands%20Studio/node_modules/.vite/deps/chunk-TYILIMWK.js?v=5afa6d1b:19416:13)
    at commitRoot (http://localhost:5174/@fs/C:/Users/Sand/Desktop/Coding/Sands%20Studio/node_modules/.vite/deps/chunk-TYILIMWK.js?v=5afa6d1b:19277:13)
[   24873ms] [ERROR] [window.onerror] Uncaught TypeError: Cannot read properties of undefined (reading 'start') at http://localhost:5174/@fs/C:/Users/Sand/Desktop/Coding/Sands%20Studio/node_modules/.vite/deps/chunk-TYILIMWK.js?v=5afa6d1b:16670:15 err: TypeError: Cannot read properties of undefined (reading 'start')
    at http://localhost:5174/components/AgentChat.tsx:47:23
    at commitHookEffectListMount (http://localhost:5174/@fs/C:/Users/Sand/Desktop/Coding/Sands%20Studio/node_modules/.vite/deps/chunk-TYILIMWK.js?v=5afa6d1b:16915:34)
    at commitPassiveMountOnFiber (http://localhost:5174/@fs/C:/Users/Sand/Desktop/Coding/Sands%20Studio/node_modules/.vite/deps/chunk-TYILIMWK.js?v=5afa6d1b:18156:19)
    at commitPassiveMountEffects_complete (http://localhost:5174/@fs/C:/Users/Sand/Desktop/Coding/Sands%20Studio/node_modules/.vite/deps/chunk-TYILIMWK.js?v=5afa6d1b:18129:17)
    at commitPassiveMountEffects_begin (http://localhost:5174/@fs/C:/Users/Sand/Desktop/Coding/Sands%20Studio/node_modules/.vite/deps/chunk-TYILIMWK.js?v=5afa6d1b:18119:15)
    at commitPassiveMountEffects (http://localhost:5174/@fs/C:/Users/Sand/Desktop/Coding/Sands%20Studio/node_modules/.vite/deps/chunk-TYILIMWK.js?v=5afa6d1b:18109:11)
    at flushPassiveEffectsImpl (http://localhost:5174/@fs/C:/Users/Sand/Desktop/Coding/Sands%20Studio/node_modules/.vite/deps/chunk-TYILIMWK.js?v=5afa6d1b:19490:11)
    at flushPassiveEffects (http://localhost:5174/@fs/C:/Users/Sand/Desktop/Coding/Sands%20Studio/node_modules/.vite/deps/chunk-TYILIMWK.js?v=5afa6d1b:19447:22)
    at commitRootImpl (http://localhost:5174/@fs/C:/Users/Sand/Desktop/Coding/Sands%20Studio/node_modules/.vite/deps/chunk-TYILIMWK.js?v=5afa6d1b:19416:13)
    at commitRoot (http://localhost:5174/@fs/C:/Users/Sand/Desktop/Coding/Sands%20Studio/node_modules/.vite/deps/chunk-TYILIMWK.js?v=5afa6d1b:19277:13) @ http://localhost:5174/main.tsx:3
[   24873ms] [ERROR] [addEventListener error] Uncaught TypeError: Cannot read properties of undefined (reading 'start') at http://localhost:5174/@fs/C:/Users/Sand/Desktop/Coding/Sands%20Studio/node_modules/.vite/deps/chunk-TYILIMWK.js?v=5afa6d1b:16670:15 @ http://localhost:5174/main.tsx:7
[   24873ms] [ERROR] [stack] TypeError: Cannot read properties of undefined (reading 'start')
    at http://localhost:5174/components/AgentChat.tsx:47:23
    at commitHookEffectListMount (http://localhost:5174/@fs/C:/Users/Sand/Desktop/Coding/Sands%20Studio/node_modules/.vite/deps/chunk-TYILIMWK.js?v=5afa6d1b:16915:34)
    at commitPassiveMountOnFiber (http://localhost:5174/@fs/C:/Users/Sand/Desktop/Coding/Sands%20Studio/node_modules/.vite/deps/chunk-TYILIMWK.js?v=5afa6d1b:18156:19)
    at commitPassiveMountEffects_complete (http://localhost:5174/@fs/C:/Users/Sand/Desktop/Coding/Sands%20Studio/node_modules/.vite/deps/chunk-TYILIMWK.js?v=5afa6d1b:18129:17)
    at commitPassiveMountEffects_begin (http://localhost:5174/@fs/C:/Users/Sand/Desktop/Coding/Sands%20Studio/node_modules/.vite/deps/chunk-TYILIMWK.js?v=5afa6d1b:18119:15)
    at commitPassiveMountEffects (http://localhost:5174/@fs/C:/Users/Sand/Desktop/Coding/Sands%20Studio/node_modules/.vite/deps/chunk-TYILIMWK.js?v=5afa6d1b:18109:11)
    at flushPassiveEffectsImpl (http://localhost:5174/@fs/C:/Users/Sand/Desktop/Coding/Sands%20Studio/node_modules/.vite/deps/chunk-TYILIMWK.js?v=5afa6d1b:19490:11)
    at flushPassiveEffects (http://localhost:5174/@fs/C:/Users/Sand/Desktop/Coding/Sands%20Studio/node_modules/.vite/deps/chunk-TYILIMWK.js?v=5afa6d1b:19447:22)
    at commitRootImpl (http://localhost:5174/@fs/C:/Users/Sand/Desktop/Coding/Sands%20Studio/node_modules/.vite/deps/chunk-TYILIMWK.js?v=5afa6d1b:19416:13)
    at commitRoot (http://localhost:5174/@fs/C:/Users/Sand/Desktop/Coding/Sands%20Studio/node_modules/.vite/deps/chunk-TYILIMWK.js?v=5afa6d1b:19277:13) @ http://localhost:5174/main.tsx:8
[   24874ms] TypeError: Cannot read properties of undefined (reading 'start')
    at http://localhost:5174/components/AgentChat.tsx:47:23
    at commitHookEffectListMount (http://localhost:5174/@fs/C:/Users/Sand/Desktop/Coding/Sands%20Studio/node_modules/.vite/deps/chunk-TYILIMWK.js?v=5afa6d1b:16915:34)
    at commitPassiveMountOnFiber (http://localhost:5174/@fs/C:/Users/Sand/Desktop/Coding/Sands%20Studio/node_modules/.vite/deps/chunk-TYILIMWK.js?v=5afa6d1b:18156:19)
    at commitPassiveMountEffects_complete (http://localhost:5174/@fs/C:/Users/Sand/Desktop/Coding/Sands%20Studio/node_modules/.vite/deps/chunk-TYILIMWK.js?v=5afa6d1b:18129:17)
    at commitPassiveMountEffects_begin (http://localhost:5174/@fs/C:/Users/Sand/Desktop/Coding/Sands%20Studio/node_modules/.vite/deps/chunk-TYILIMWK.js?v=5afa6d1b:18119:15)
    at commitPassiveMountEffects (http://localhost:5174/@fs/C:/Users/Sand/Desktop/Coding/Sands%20Studio/node_modules/.vite/deps/chunk-TYILIMWK.js?v=5afa6d1b:18109:11)
    at flushPassiveEffectsImpl (http://localhost:5174/@fs/C:/Users/Sand/Desktop/Coding/Sands%20Studio/node_modules/.vite/deps/chunk-TYILIMWK.js?v=5afa6d1b:19490:11)
    at flushPassiveEffects (http://localhost:5174/@fs/C:/Users/Sand/Desktop/Coding/Sands%20Studio/node_modules/.vite/deps/chunk-TYILIMWK.js?v=5afa6d1b:19447:22)
    at commitRootImpl (http://localhost:5174/@fs/C:/Users/Sand/Desktop/Coding/Sands%20Studio/node_modules/.vite/deps/chunk-TYILIMWK.js?v=5afa6d1b:19416:13)
    at commitRoot (http://localhost:5174/@fs/C:/Users/Sand/Desktop/Coding/Sands%20Studio/node_modules/.vite/deps/chunk-TYILIMWK.js?v=5afa6d1b:19277:13)
[   24888ms] [ERROR] [window.onerror] Uncaught TypeError: Cannot read properties of undefined (reading 'create') at http://localhost:5174/@fs/C:/Users/Sand/Desktop/Coding/Sands%20Studio/node_modules/.vite/deps/chunk-TYILIMWK.js?v=5afa6d1b:16670:15 err: TypeError: Cannot read properties of undefined (reading 'create')
    at http://localhost:5174/components/TerminalPane.tsx:166:26
    at commitHookEffectListMount (http://localhost:5174/@fs/C:/Users/Sand/Desktop/Coding/Sands%20Studio/node_modules/.vite/deps/chunk-TYILIMWK.js?v=5afa6d1b:16915:34)
    at commitPassiveMountOnFiber (http://localhost:5174/@fs/C:/Users/Sand/Desktop/Coding/Sands%20Studio/node_modules/.vite/deps/chunk-TYILIMWK.js?v=5afa6d1b:18156:19)
    at commitPassiveMountEffects_complete (http://localhost:5174/@fs/C:/Users/Sand/Desktop/Coding/Sands%20Studio/node_modules/.vite/deps/chunk-TYILIMWK.js?v=5afa6d1b:18129:17)
    at commitPassiveMountEffects_begin (http://localhost:5174/@fs/C:/Users/Sand/Desktop/Coding/Sands%20Studio/node_modules/.vite/deps/chunk-TYILIMWK.js?v=5afa6d1b:18119:15)
    at commitPassiveMountEffects (http://localhost:5174/@fs/C:/Users/Sand/Desktop/Coding/Sands%20Studio/node_modules/.vite/deps/chunk-TYILIMWK.js?v=5afa6d1b:18109:11)
    at flushPassiveEffectsImpl (http://localhost:5174/@fs/C:/Users/Sand/Desktop/Coding/Sands%20Studio/node_modules/.vite/deps/chunk-TYILIMWK.js?v=5afa6d1b:19490:11)
    at flushPassiveEffects (http://localhost:5174/@fs/C:/Users/Sand/Desktop/Coding/Sands%20Studio/node_modules/.vite/deps/chunk-TYILIMWK.js?v=5afa6d1b:19447:22)
    at commitRootImpl (http://localhost:5174/@fs/C:/Users/Sand/Desktop/Coding/Sands%20Studio/node_modules/.vite/deps/chunk-TYILIMWK.js?v=5afa6d1b:19416:13)
    at commitRoot (http://localhost:5174/@fs/C:/Users/Sand/Desktop/Coding/Sands%20Studio/node_modules/.vite/deps/chunk-TYILIMWK.js?v=5afa6d1b:19277:13) @ http://localhost:5174/main.tsx:3
[   24888ms] [ERROR] [addEventListener error] Uncaught TypeError: Cannot read properties of undefined (reading 'create') at http://localhost:5174/@fs/C:/Users/Sand/Desktop/Coding/Sands%20Studio/node_modules/.vite/deps/chunk-TYILIMWK.js?v=5afa6d1b:16670:15 @ http://localhost:5174/main.tsx:7
[   24888ms] [ERROR] [stack] TypeError: Cannot read properties of undefined (reading 'create')
    at http://localhost:5174/components/TerminalPane.tsx:166:26
    at commitHookEffectListMount (http://localhost:5174/@fs/C:/Users/Sand/Desktop/Coding/Sands%20Studio/node_modules/.vite/deps/chunk-TYILIMWK.js?v=5afa6d1b:16915:34)
    at commitPassiveMountOnFiber (http://localhost:5174/@fs/C:/Users/Sand/Desktop/Coding/Sands%20Studio/node_modules/.vite/deps/chunk-TYILIMWK.js?v=5afa6d1b:18156:19)
    at commitPassiveMountEffects_complete (http://localhost:5174/@fs/C:/Users/Sand/Desktop/Coding/Sands%20Studio/node_modules/.vite/deps/chunk-TYILIMWK.js?v=5afa6d1b:18129:17)
    at commitPassiveMountEffects_begin (http://localhost:5174/@fs/C:/Users/Sand/Desktop/Coding/Sands%20Studio/node_modules/.vite/deps/chunk-TYILIMWK.js?v=5afa6d1b:18119:15)
    at commitPassiveMountEffects (http://localhost:5174/@fs/C:/Users/Sand/Desktop/Coding/Sands%20Studio/node_modules/.vite/deps/chunk-TYILIMWK.js?v=5afa6d1b:18109:11)
    at flushPassiveEffectsImpl (http://localhost:5174/@fs/C:/Users/Sand/Desktop/Coding/Sands%20Studio/node_modules/.vite/deps/chunk-TYILIMWK.js?v=5afa6d1b:19490:11)
    at flushPassiveEffects (http://localhost:5174/@fs/C:/Users/Sand/Desktop/Coding/Sands%20Studio/node_modules/.vite/deps/chunk-TYILIMWK.js?v=5afa6d1b:19447:22)
    at commitRootImpl (http://localhost:5174/@fs/C:/Users/Sand/Desktop/Coding/Sands%20Studio/node_modules/.vite/deps/chunk-TYILIMWK.js?v=5afa6d1b:19416:13)
    at commitRoot (http://localhost:5174/@fs/C:/Users/Sand/Desktop/Coding/Sands%20Studio/node_modules/.vite/deps/chunk-TYILIMWK.js?v=5afa6d1b:19277:13) @ http://localhost:5174/main.tsx:8
[   24890ms] TypeError: Cannot read properties of undefined (reading 'create')
    at http://localhost:5174/components/TerminalPane.tsx:166:26
    at commitHookEffectListMount (http://localhost:5174/@fs/C:/Users/Sand/Desktop/Coding/Sands%20Studio/node_modules/.vite/deps/chunk-TYILIMWK.js?v=5afa6d1b:16915:34)
    at commitPassiveMountOnFiber (http://localhost:5174/@fs/C:/Users/Sand/Desktop/Coding/Sands%20Studio/node_modules/.vite/deps/chunk-TYILIMWK.js?v=5afa6d1b:18156:19)
    at commitPassiveMountEffects_complete (http://localhost:5174/@fs/C:/Users/Sand/Desktop/Coding/Sands%20Studio/node_modules/.vite/deps/chunk-TYILIMWK.js?v=5afa6d1b:18129:17)
    at commitPassiveMountEffects_begin (http://localhost:5174/@fs/C:/Users/Sand/Desktop/Coding/Sands%20Studio/node_modules/.vite/deps/chunk-TYILIMWK.js?v=5afa6d1b:18119:15)
    at commitPassiveMountEffects (http://localhost:5174/@fs/C:/Users/Sand/Desktop/Coding/Sands%20Studio/node_modules/.vite/deps/chunk-TYILIMWK.js?v=5afa6d1b:18109:11)
    at flushPassiveEffectsImpl (http://localhost:5174/@fs/C:/Users/Sand/Desktop/Coding/Sands%20Studio/node_modules/.vite/deps/chunk-TYILIMWK.js?v=5afa6d1b:19490:11)
    at flushPassiveEffects (http://localhost:5174/@fs/C:/Users/Sand/Desktop/Coding/Sands%20Studio/node_modules/.vite/deps/chunk-TYILIMWK.js?v=5afa6d1b:19447:22)
    at commitRootImpl (http://localhost:5174/@fs/C:/Users/Sand/Desktop/Coding/Sands%20Studio/node_modules/.vite/deps/chunk-TYILIMWK.js?v=5afa6d1b:19416:13)
    at commitRoot (http://localhost:5174/@fs/C:/Users/Sand/Desktop/Coding/Sands%20Studio/node_modules/.vite/deps/chunk-TYILIMWK.js?v=5afa6d1b:19277:13)
[   24890ms] [ERROR] The above error occurred in the <Habitat> component:

    at Habitat (http://localhost:5174/components/Habitat.tsx?t=1774838021817:153:24)
    at ErrorBoundary (http://localhost:5174/App.tsx?t=1774838021817:32:1)
    at div
    at div
    at App (http://localhost:5174/App.tsx?t=1774838021817:78:21)

React will try to recreate this component tree from scratch using the error boundary you provided, ErrorBoundary. @ http://localhost:5174/@fs/C:/Users/Sand/Desktop/Coding/Sands%20Studio/node_modules/.vite/deps/chunk-TYILIMWK.js?v=5afa6d1b:14031
[   24890ms] [ERROR] The above error occurred in the <AgentChat> component:

    at AgentChat (http://localhost:5174/components/AgentChat.tsx:22:37)
    at div
    at div
    at div
    at http://localhost:5174/components/TerminalPane.tsx:85:47
    at div
    at div
    at ErrorBoundary (http://localhost:5174/App.tsx?t=1774838021817:32:1)
    at div
    at div
    at App (http://localhost:5174/App.tsx?t=1774838021817:78:21)

React will try to recreate this component tree from scratch using the error boundary you provided, ErrorBoundary. @ http://localhost:5174/@fs/C:/Users/Sand/Desktop/Coding/Sands%20Studio/node_modules/.vite/deps/chunk-TYILIMWK.js?v=5afa6d1b:14031
[   24890ms] [ERROR] The above error occurred in the <ForwardRef> component:

    at http://localhost:5174/components/TerminalPane.tsx:85:47
    at div
    at div
    at ErrorBoundary (http://localhost:5174/App.tsx?t=1774838021817:32:1)
    at div
    at div
    at App (http://localhost:5174/App.tsx?t=1774838021817:78:21)

React will try to recreate this component tree from scratch using the error boundary you provided, ErrorBoundary. @ http://localhost:5174/@fs/C:/Users/Sand/Desktop/Coding/Sands%20Studio/node_modules/.vite/deps/chunk-TYILIMWK.js?v=5afa6d1b:14031
