[   12362ms] [ERROR] Warning: The result of getSnapshot should be cached to avoid an infinite loop%s 
    at HabitatSaveDialog (http://localhost:5174/components/HabitatSaveDialog.tsx?t=1774734531731:34:45)
    at ErrorBoundary (http://localhost:5174/App.tsx?t=1774734531731:37:1)
    at App (http://localhost:5174/App.tsx?t=1774734531731:82:21) @ http://localhost:5174/@fs/C:/Users/Sand/Desktop/Coding/Sands%20Studio/node_modules/.vite/deps/chunk-TYILIMWK.js?v=0f1bb358:520
[   12379ms] Error: Maximum update depth exceeded. This can happen when a component repeatedly calls setState inside componentWillUpdate or componentDidUpdate. React limits the number of nested updates to prevent infinite loops.
    at checkForNestedUpdates (http://localhost:5174/@fs/C:/Users/Sand/Desktop/Coding/Sands%20Studio/node_modules/.vite/deps/chunk-TYILIMWK.js?v=0f1bb358:19659:19)
    at scheduleUpdateOnFiber (http://localhost:5174/@fs/C:/Users/Sand/Desktop/Coding/Sands%20Studio/node_modules/.vite/deps/chunk-TYILIMWK.js?v=0f1bb358:18533:11)
    at forceStoreRerender (http://localhost:5174/@fs/C:/Users/Sand/Desktop/Coding/Sands%20Studio/node_modules/.vite/deps/chunk-TYILIMWK.js?v=0f1bb358:11999:13)
    at updateStoreInstance (http://localhost:5174/@fs/C:/Users/Sand/Desktop/Coding/Sands%20Studio/node_modules/.vite/deps/chunk-TYILIMWK.js?v=0f1bb358:11975:13)
    at commitHookEffectListMount (http://localhost:5174/@fs/C:/Users/Sand/Desktop/Coding/Sands%20Studio/node_modules/.vite/deps/chunk-TYILIMWK.js?v=0f1bb358:16915:34)
    at commitPassiveMountOnFiber (http://localhost:5174/@fs/C:/Users/Sand/Desktop/Coding/Sands%20Studio/node_modules/.vite/deps/chunk-TYILIMWK.js?v=0f1bb358:18156:19)
    at commitPassiveMountEffects_complete (http://localhost:5174/@fs/C:/Users/Sand/Desktop/Coding/Sands%20Studio/node_modules/.vite/deps/chunk-TYILIMWK.js?v=0f1bb358:18129:17)
    at commitPassiveMountEffects_begin (http://localhost:5174/@fs/C:/Users/Sand/Desktop/Coding/Sands%20Studio/node_modules/.vite/deps/chunk-TYILIMWK.js?v=0f1bb358:18119:15)
    at commitPassiveMountEffects (http://localhost:5174/@fs/C:/Users/Sand/Desktop/Coding/Sands%20Studio/node_modules/.vite/deps/chunk-TYILIMWK.js?v=0f1bb358:18109:11)
    at flushPassiveEffectsImpl (http://localhost:5174/@fs/C:/Users/Sand/Desktop/Coding/Sands%20Studio/node_modules/.vite/deps/chunk-TYILIMWK.js?v=0f1bb358:19490:11)
[   12380ms] [ERROR] The above error occurred in the <HabitatSaveDialog> component:

    at HabitatSaveDialog (http://localhost:5174/components/HabitatSaveDialog.tsx?t=1774734531731:34:45)
    at ErrorBoundary (http://localhost:5174/App.tsx?t=1774734531731:37:1)
    at App (http://localhost:5174/App.tsx?t=1774734531731:82:21)

React will try to recreate this component tree from scratch using the error boundary you provided, ErrorBoundary. @ http://localhost:5174/@fs/C:/Users/Sand/Desktop/Coding/Sands%20Studio/node_modules/.vite/deps/chunk-TYILIMWK.js?v=0f1bb358:14031
[  125773ms] [ERROR] Failed to load resource: the server responded with a status of 500 (Internal Server Error) @ http://localhost:5174/components/HabitatSaveDialog.tsx?t=1774734738730:0
[  125776ms] [ERROR] [hmr] Failed to reload /components/HabitatSaveDialog.tsx. This could be due to syntax errors or importing non-existent modules. (see errors above) @ http://localhost:5174/@vite/client:175
[  150812ms] [ERROR] Failed to load resource: the server responded with a status of 500 (Internal Server Error) @ http://localhost:5174/components/HabitatSaveDialog.tsx?t=1774734763811:0
[  150814ms] [ERROR] [hmr] Failed to reload /components/HabitatSaveDialog.tsx. This could be due to syntax errors or importing non-existent modules. (see errors above) @ http://localhost:5174/@vite/client:175
